2014-08-27 01:42:04.614 TapLighter[13830:70b] Multi-tasking -> Device: YES, App: YES
2014-08-27 01:42:04.747 TapLighter[13830:70b] Unlimited access to network resources
2014-08-27 01:42:04.756 TapLighter[13830:70b] 

Started backup to iCloud! Please be careful.
Your application might rejected by Apple if you store too much data.
For more information please read "iOS Data Storage Guidelines"
You could find it at the following address https://developer.apple.com/icloud/documentation/data-storage/ .

2014-08-27 01:42:05.604 TapLighter[13830:70b] Resetting plugins due to page load.
2014-08-27 01:42:05.794 TapLighter[13830:70b] Finished load of: file:///Users/monurcan/Library/Application%20Support/iPhone%20Simulator/7.1/Applications/D0272522-347B-4F56-A9C2-63C0E2468776/TapLighter.app/www/index.html
2014-08-27 01:45:32.755 TapLighter[14059:70b] Multi-tasking -> Device: YES, App: YES
2014-08-27 01:45:32.903 TapLighter[14059:70b] Unlimited access to network resources
2014-08-27 01:45:32.941 TapLighter[14059:70b] 

Started backup to iCloud! Please be careful.
Your application might rejected by Apple if you store too much data.
For more information please read "iOS Data Storage Guidelines"
You could find it at the following address https://developer.apple.com/icloud/documentation/data-storage/ .

2014-08-27 01:45:33.212 TapLighter[14059:70b] Resetting plugins due to page load.
2014-08-27 01:45:33.658 TapLighter[14059:70b] Finished load of: file:///Users/monurcan/Library/Application%20Support/iPhone%20Simulator/7.1/Applications/D0272522-347B-4F56-A9C2-63C0E2468776/TapLighter.app/www/index.html
2014-08-27 01:47:03.248 TapLighter[14155:70b] Multi-tasking -> Device: YES, App: YES
2014-08-27 01:47:03.267 TapLighter[14155:70b] Unlimited access to network resources
2014-08-27 01:47:03.287 TapLighter[14155:70b] 

Started backup to iCloud! Please be careful.
Your application might rejected by Apple if you store too much data.
For more information please read "iOS Data Storage Guidelines"
You could find it at the following address https://developer.apple.com/icloud/documentation/data-storage/ .

2014-08-27 01:47:03.503 TapLighter[14155:70b] Resetting plugins due to page load.
2014-08-27 01:47:04.465 TapLighter[14155:70b] Finished load of: file:///Users/monurcan/Library/Application%20Support/iPhone%20Simulator/7.1/Applications/D0272522-347B-4F56-A9C2-63C0E2468776/TapLighter.app/www/index.html
2014-08-27 01:49:16.310 TapLighter[14247:70b] Multi-tasking -> Device: YES, App: YES
2014-08-27 01:49:16.316 TapLighter[14247:70b] Unlimited access to network resources
2014-08-27 01:49:16.332 TapLighter[14247:70b] 

Started backup to iCloud! Please be careful.
Your application might rejected by Apple if you store too much data.
For more information please read "iOS Data Storage Guidelines"
You could find it at the following address https://developer.apple.com/icloud/documentation/data-storage/ .

2014-08-27 01:49:16.508 TapLighter[14247:70b] Resetting plugins due to page load.
2014-08-27 01:49:17.244 TapLighter[14247:70b] Finished load of: file:///Users/monurcan/Library/Application%20Support/iPhone%20Simulator/7.1/Applications/D0272522-347B-4F56-A9C2-63C0E2468776/TapLighter.app/www/index.html
2014-08-27 01:49:30.485 TapLighter[14319:70b] Multi-tasking -> Device: YES, App: YES
2014-08-27 01:49:30.490 TapLighter[14319:70b] Unlimited access to network resources
2014-08-27 01:49:30.507 TapLighter[14319:70b] 

Started backup to iCloud! Please be careful.
Your application might rejected by Apple if you store too much data.
For more information please read "iOS Data Storage Guidelines"
You could find it at the following address https://developer.apple.com/icloud/documentation/data-storage/ .

2014-08-27 01:49:30.692 TapLighter[14319:70b] Resetting plugins due to page load.
2014-08-27 01:49:31.241 TapLighter[14319:70b] Finished load of: file:///Users/monurcan/Library/Application%20Support/iPhone%20Simulator/7.1/Applications/D0272522-347B-4F56-A9C2-63C0E2468776/TapLighter.app/www/index.html
2014-08-27 01:50:09.444 TapLighter[14319:70b] Resetting plugins due to page load.
2014-08-27 01:50:09.858 TapLighter[14319:70b] Finished load of: file:///Users/monurcan/Library/Application%20Support/iPhone%20Simulator/7.1/Applications/D0272522-347B-4F56-A9C2-63C0E2468776/TapLighter.app/www/index.html
2014-08-27 01:50:13.404 TapLighter[14319:70b] Resetting plugins due to page load.
2014-08-27 01:50:13.563 TapLighter[14319:70b] Finished load of: file:///Users/monurcan/Library/Application%20Support/iPhone%20Simulator/7.1/Applications/D0272522-347B-4F56-A9C2-63C0E2468776/TapLighter.app/www/index.html
2014-08-27 01:50:16.830 TapLighter[14319:70b] Resetting plugins due to page load.
2014-08-27 01:50:16.992 TapLighter[14319:70b] Finished load of: file:///Users/monurcan/Library/Application%20Support/iPhone%20Simulator/7.1/Applications/D0272522-347B-4F56-A9C2-63C0E2468776/TapLighter.app/www/index.html
2014-08-27 01:50:22.261 TapLighter[14319:70b] Resetting plugins due to page load.
2014-08-27 01:50:22.449 TapLighter[14319:70b] Finished load of: file:///Users/monurcan/Library/Application%20Support/iPhone%20Simulator/7.1/Applications/D0272522-347B-4F56-A9C2-63C0E2468776/TapLighter.app/www/index.html
2014-08-27 01:50:26.545 TapLighter[14319:70b] Resetting plugins due to page load.
2014-08-27 01:50:26.704 TapLighter[14319:70b] Finished load of: file:///Users/monurcan/Library/Application%20Support/iPhone%20Simulator/7.1/Applications/D0272522-347B-4F56-A9C2-63C0E2468776/TapLighter.app/www/index.html
2014-08-27 01:50:30.133 TapLighter[14319:70b] Resetting plugins due to page load.
2014-08-27 01:50:30.287 TapLighter[14319:70b] Finished load of: file:///Users/monurcan/Library/Application%20Support/iPhone%20Simulator/7.1/Applications/D0272522-347B-4F56-A9C2-63C0E2468776/TapLighter.app/www/index.html
2014-08-27 01:50:33.252 TapLighter[14319:70b] Resetting plugins due to page load.
2014-08-27 01:50:33.406 TapLighter[14319:70b] Finished load of: file:///Users/monurcan/Library/Application%20Support/iPhone%20Simulator/7.1/Applications/D0272522-347B-4F56-A9C2-63C0E2468776/TapLighter.app/www/index.html
2014-08-27 01:50:37.188 TapLighter[14319:70b] Resetting plugins due to page load.
2014-08-27 01:50:37.345 TapLighter[14319:70b] Finished load of: file:///Users/monurcan/Library/Application%20Support/iPhone%20Simulator/7.1/Applications/D0272522-347B-4F56-A9C2-63C0E2468776/TapLighter.app/www/index.html
2014-08-27 01:50:41.524 TapLighter[14319:70b] Resetting plugins due to page load.
2014-08-27 01:50:41.682 TapLighter[14319:70b] Finished load of: file:///Users/monurcan/Library/Application%20Support/iPhone%20Simulator/7.1/Applications/D0272522-347B-4F56-A9C2-63C0E2468776/TapLighter.app/www/index.html
2014-08-27 01:50:45.522 TapLighter[14319:70b] Resetting plugins due to page load.
2014-08-27 01:50:45.683 TapLighter[14319:70b] Finished load of: file:///Users/monurcan/Library/Application%20Support/iPhone%20Simulator/7.1/Applications/D0272522-347B-4F56-A9C2-63C0E2468776/TapLighter.app/www/index.html
2014-08-27 01:50:49.066 TapLighter[14319:70b] Resetting plugins due to page load.
2014-08-27 01:50:49.224 TapLighter[14319:70b] Finished load of: file:///Users/monurcan/Library/Application%20Support/iPhone%20Simulator/7.1/Applications/D0272522-347B-4F56-A9C2-63C0E2468776/TapLighter.app/www/index.html
2014-08-27 01:50:52.169 TapLighter[14319:70b] Resetting plugins due to page load.
2014-08-27 01:50:52.336 TapLighter[14319:70b] Finished load of: file:///Users/monurcan/Library/Application%20Support/iPhone%20Simulator/7.1/Applications/D0272522-347B-4F56-A9C2-63C0E2468776/TapLighter.app/www/index.html
2014-08-27 01:50:55.905 TapLighter[14319:70b] Resetting plugins due to page load.
2014-08-27 01:50:56.065 TapLighter[14319:70b] Finished load of: file:///Users/monurcan/Library/Application%20Support/iPhone%20Simulator/7.1/Applications/D0272522-347B-4F56-A9C2-63C0E2468776/TapLighter.app/www/index.html
2014-08-27 01:50:59.957 TapLighter[14319:70b] Resetting plugins due to page load.
2014-08-27 01:51:00.114 TapLighter[14319:70b] Finished load of: file:///Users/monurcan/Library/Application%20Support/iPhone%20Simulator/7.1/Applications/D0272522-347B-4F56-A9C2-63C0E2468776/TapLighter.app/www/index.html
2014-08-27 01:54:03.522 TapLighter[14319:70b] Resetting plugins due to page load.
2014-08-27 01:54:04.018 TapLighter[14319:70b] Finished load of: file:///Users/monurcan/Library/Application%20Support/iPhone%20Simulator/7.1/Applications/D0272522-347B-4F56-A9C2-63C0E2468776/TapLighter.app/www/index.html
2014-08-27 01:54:13.549 TapLighter[14319:70b] Resetting plugins due to page load.
2014-08-27 01:54:13.812 TapLighter[14319:70b] Finished load of: file:///Users/monurcan/Library/Application%20Support/iPhone%20Simulator/7.1/Applications/D0272522-347B-4F56-A9C2-63C0E2468776/TapLighter.app/www/index.html
2014-08-27 01:54:15.967 TapLighter[14443:70b] Multi-tasking -> Device: YES, App: YES
2014-08-27 01:54:15.973 TapLighter[14443:70b] Unlimited access to network resources
2014-08-27 01:54:15.990 TapLighter[14443:70b] 

Started backup to iCloud! Please be careful.
Your application might rejected by Apple if you store too much data.
For more information please read "iOS Data Storage Guidelines"
You could find it at the following address https://developer.apple.com/icloud/documentation/data-storage/ .

2014-08-27 01:54:16.197 TapLighter[14443:70b] Resetting plugins due to page load.
2014-08-27 01:54:16.716 TapLighter[14443:70b] Finished load of: file:///Users/monurcan/Library/Application%20Support/iPhone%20Simulator/7.1/Applications/D0272522-347B-4F56-A9C2-63C0E2468776/TapLighter.app/www/index.html
2014-08-27 01:54:46.344 TapLighter[14443:70b] Resetting plugins due to page load.
2014-08-27 01:54:46.526 TapLighter[14443:70b] Finished load of: file:///Users/monurcan/Library/Application%20Support/iPhone%20Simulator/7.1/Applications/D0272522-347B-4F56-A9C2-63C0E2468776/TapLighter.app/www/index.html
2014-08-27 01:55:30.811 TapLighter[14443:70b] Resetting plugins due to page load.
2014-08-27 01:55:31.131 TapLighter[14443:70b] Finished load of: file:///Users/monurcan/Library/Application%20Support/iPhone%20Simulator/7.1/Applications/D0272522-347B-4F56-A9C2-63C0E2468776/TapLighter.app/www/index.html
2014-08-27 01:55:44.898 TapLighter[14443:70b] Resetting plugins due to page load.
2014-08-27 01:55:45.067 TapLighter[14443:70b] Finished load of: file:///Users/monurcan/Library/Application%20Support/iPhone%20Simulator/7.1/Applications/D0272522-347B-4F56-A9C2-63C0E2468776/TapLighter.app/www/index.html
2014-08-27 01:56:10.552 TapLighter[14443:70b] Resetting plugins due to page load.
2014-08-27 01:56:10.719 TapLighter[14443:70b] Finished load of: file:///Users/monurcan/Library/Application%20Support/iPhone%20Simulator/7.1/Applications/D0272522-347B-4F56-A9C2-63C0E2468776/TapLighter.app/www/index.html
2014-08-27 01:57:06.479 TapLighter[14540:70b] Multi-tasking -> Device: YES, App: YES
2014-08-27 01:57:06.499 TapLighter[14540:70b] Unlimited access to network resources
2014-08-27 01:57:06.503 TapLighter[14540:70b] 

Started backup to iCloud! Please be careful.
Your application might rejected by Apple if you store too much data.
For more information please read "iOS Data Storage Guidelines"
You could find it at the following address https://developer.apple.com/icloud/documentation/data-storage/ .

2014-08-27 01:57:06.708 TapLighter[14540:70b] Resetting plugins due to page load.
2014-08-27 01:57:07.295 TapLighter[14540:70b] Finished load of: file:///Users/monurcan/Library/Application%20Support/iPhone%20Simulator/7.1/Applications/D0272522-347B-4F56-A9C2-63C0E2468776/TapLighter.app/www/index.html
2014-08-27 01:57:13.931 TapLighter[14540:70b] Resetting plugins due to page load.
2014-08-27 01:57:14.100 TapLighter[14540:70b] Finished load of: file:///Users/monurcan/Library/Application%20Support/iPhone%20Simulator/7.1/Applications/D0272522-347B-4F56-A9C2-63C0E2468776/TapLighter.app/www/index.html
2014-08-27 01:57:18.916 TapLighter[14540:70b] Resetting plugins due to page load.
2014-08-27 01:57:19.071 TapLighter[14540:70b] Finished load of: file:///Users/monurcan/Library/Application%20Support/iPhone%20Simulator/7.1/Applications/D0272522-347B-4F56-A9C2-63C0E2468776/TapLighter.app/www/index.html
2014-08-27 01:57:29.479 TapLighter[14540:70b] Resetting plugins due to page load.
2014-08-27 01:57:29.628 TapLighter[14540:70b] Finished load of: file:///Users/monurcan/Library/Application%20Support/iPhone%20Simulator/7.1/Applications/D0272522-347B-4F56-A9C2-63C0E2468776/TapLighter.app/www/index.html
2014-08-27 01:57:33.029 TapLighter[14540:70b] Resetting plugins due to page load.
2014-08-27 01:57:33.184 TapLighter[14540:70b] Finished load of: file:///Users/monurcan/Library/Application%20Support/iPhone%20Simulator/7.1/Applications/D0272522-347B-4F56-A9C2-63C0E2468776/TapLighter.app/www/index.html
2014-08-27 01:57:35.479 TapLighter[14540:70b] Resetting plugins due to page load.
2014-08-27 01:57:35.634 TapLighter[14540:70b] Finished load of: file:///Users/monurcan/Library/Application%20Support/iPhone%20Simulator/7.1/Applications/D0272522-347B-4F56-A9C2-63C0E2468776/TapLighter.app/www/index.html
2014-08-27 01:57:52.598 TapLighter[14540:70b] Resetting plugins due to page load.
2014-08-27 01:57:52.753 TapLighter[14540:70b] Finished load of: file:///Users/monurcan/Library/Application%20Support/iPhone%20Simulator/7.1/Applications/D0272522-347B-4F56-A9C2-63C0E2468776/TapLighter.app/www/index.html
2014-08-27 01:58:16.690 TapLighter[14540:70b] Resetting plugins due to page load.
2014-08-27 01:58:16.846 TapLighter[14540:70b] Finished load of: file:///Users/monurcan/Library/Application%20Support/iPhone%20Simulator/7.1/Applications/D0272522-347B-4F56-A9C2-63C0E2468776/TapLighter.app/www/index.html
2014-08-27 01:59:15.126 TapLighter[14540:70b] Resetting plugins due to page load.
2014-08-27 01:59:16.535 TapLighter[14540:70b] Finished load of: file:///Users/monurcan/Library/Application%20Support/iPhone%20Simulator/7.1/Applications/D0272522-347B-4F56-A9C2-63C0E2468776/TapLighter.app/www/index.html
2014-08-27 01:59:19.218 TapLighter[14540:70b] Resetting plugins due to page load.
2014-08-27 01:59:19.374 TapLighter[14540:70b] Finished load of: file:///Users/monurcan/Library/Application%20Support/iPhone%20Simulator/7.1/Applications/D0272522-347B-4F56-A9C2-63C0E2468776/TapLighter.app/www/index.html
2014-08-27 02:00:08.130 TapLighter[14540:70b] Resetting plugins due to page load.
2014-08-27 02:00:08.503 TapLighter[14540:70b] Finished load of: file:///Users/monurcan/Library/Application%20Support/iPhone%20Simulator/7.1/Applications/D0272522-347B-4F56-A9C2-63C0E2468776/TapLighter.app/www/index.html
2014-08-27 02:00:16.202 TapLighter[14642:70b] Multi-tasking -> Device: YES, App: YES
2014-08-27 02:00:16.207 TapLighter[14642:70b] Unlimited access to network resources
2014-08-27 02:00:16.220 TapLighter[14642:70b] 

Started backup to iCloud! Please be careful.
Your application might rejected by Apple if you store too much data.
For more information please read "iOS Data Storage Guidelines"
You could find it at the following address https://developer.apple.com/icloud/documentation/data-storage/ .

2014-08-27 02:00:16.403 TapLighter[14642:70b] Resetting plugins due to page load.
2014-08-27 02:00:17.116 TapLighter[14642:70b] Finished load of: file:///Users/monurcan/Library/Application%20Support/iPhone%20Simulator/7.1/Applications/D0272522-347B-4F56-A9C2-63C0E2468776/TapLighter.app/www/index.html
2014-08-27 02:00:38.483 TapLighter[14713:70b] Multi-tasking -> Device: YES, App: YES
2014-08-27 02:00:38.489 TapLighter[14713:70b] Unlimited access to network resources
2014-08-27 02:00:38.491 TapLighter[14713:70b] 

Started backup to iCloud! Please be careful.
Your application might rejected by Apple if you store too much data.
For more information please read "iOS Data Storage Guidelines"
You could find it at the following address https://developer.apple.com/icloud/documentation/data-storage/ .

2014-08-27 02:00:38.532 TapLighter[14713:70b] Resetting plugins due to page load.
2014-08-27 02:00:39.077 TapLighter[14713:70b] Finished load of: file:///Users/monurcan/Library/Application%20Support/iPhone%20Simulator/7.1/Applications/D0272522-347B-4F56-A9C2-63C0E2468776/TapLighter.app/www/index.html
2014-08-27 02:01:49.884 TapLighter[14713:70b] Resetting plugins due to page load.
2014-08-27 02:01:50.318 TapLighter[14713:70b] Finished load of: file:///Users/monurcan/Library/Application%20Support/iPhone%20Simulator/7.1/Applications/D0272522-347B-4F56-A9C2-63C0E2468776/TapLighter.app/www/index.html
2014-08-27 02:02:32.302 TapLighter[14814:70b] Multi-tasking -> Device: YES, App: YES
2014-08-27 02:02:32.317 TapLighter[14814:70b] Unlimited access to network resources
2014-08-27 02:02:32.319 TapLighter[14814:70b] 

Started backup to iCloud! Please be careful.
Your application might rejected by Apple if you store too much data.
For more information please read "iOS Data Storage Guidelines"
You could find it at the following address https://developer.apple.com/icloud/documentation/data-storage/ .

2014-08-27 02:02:32.598 TapLighter[14814:70b] Resetting plugins due to page load.
2014-08-27 02:02:33.643 TapLighter[14814:70b] Finished load of: file:///Users/monurcan/Library/Application%20Support/iPhone%20Simulator/7.1/Applications/D0272522-347B-4F56-A9C2-63C0E2468776/TapLighter.app/www/index.html
2014-08-27 02:04:10.365 TapLighter[14898:70b] Multi-tasking -> Device: YES, App: YES
2014-08-27 02:04:10.381 TapLighter[14898:70b] Unlimited access to network resources
2014-08-27 02:04:10.383 TapLighter[14898:70b] 

Started backup to iCloud! Please be careful.
Your application might rejected by Apple if you store too much data.
For more information please read "iOS Data Storage Guidelines"
You could find it at the following address https://developer.apple.com/icloud/documentation/data-storage/ .

2014-08-27 02:04:10.904 TapLighter[14898:70b] Resetting plugins due to page load.
2014-08-27 02:04:11.443 TapLighter[14898:70b] Finished load of: file:///Users/monurcan/Library/Application%20Support/iPhone%20Simulator/7.1/Applications/D0272522-347B-4F56-A9C2-63C0E2468776/TapLighter.app/www/index.html
2014-08-27 02:04:31.924 TapLighter[14898:70b] Resetting plugins due to page load.
2014-08-27 02:04:32.182 TapLighter[14898:70b] Finished load of: file:///Users/monurcan/Library/Application%20Support/iPhone%20Simulator/7.1/Applications/D0272522-347B-4F56-A9C2-63C0E2468776/TapLighter.app/www/index.html
2014-08-27 02:04:34.151 TapLighter[14972:70b] Multi-tasking -> Device: YES, App: YES
2014-08-27 02:04:34.157 TapLighter[14972:70b] Unlimited access to network resources
2014-08-27 02:04:34.177 TapLighter[14972:70b] 

Started backup to iCloud! Please be careful.
Your application might rejected by Apple if you store too much data.
For more information please read "iOS Data Storage Guidelines"
You could find it at the following address https://developer.apple.com/icloud/documentation/data-storage/ .

2014-08-27 02:04:34.354 TapLighter[14972:70b] Resetting plugins due to page load.
2014-08-27 02:04:35.195 TapLighter[14972:70b] Finished load of: file:///Users/monurcan/Library/Application%20Support/iPhone%20Simulator/7.1/Applications/D0272522-347B-4F56-A9C2-63C0E2468776/TapLighter.app/www/index.html
2014-08-27 02:04:46.546 TapLighter[15042:70b] Multi-tasking -> Device: YES, App: YES
2014-08-27 02:04:46.551 TapLighter[15042:70b] Unlimited access to network resources
2014-08-27 02:04:46.562 TapLighter[15042:70b] 

Started backup to iCloud! Please be careful.
Your application might rejected by Apple if you store too much data.
For more information please read "iOS Data Storage Guidelines"
You could find it at the following address https://developer.apple.com/icloud/documentation/data-storage/ .

2014-08-27 02:04:46.769 TapLighter[15042:70b] Resetting plugins due to page load.
2014-08-27 02:04:47.288 TapLighter[15042:70b] Finished load of: file:///Users/monurcan/Library/Application%20Support/iPhone%20Simulator/7.1/Applications/D0272522-347B-4F56-A9C2-63C0E2468776/TapLighter.app/www/index.html
2014-08-27 02:05:15.866 TapLighter[15042:70b] Resetting plugins due to page load.
2014-08-27 02:05:16.025 TapLighter[15042:70b] Finished load of: file:///Users/monurcan/Library/Application%20Support/iPhone%20Simulator/7.1/Applications/D0272522-347B-4F56-A9C2-63C0E2468776/TapLighter.app/www/index.html
2014-08-27 02:05:21.688 TapLighter[15113:70b] Multi-tasking -> Device: YES, App: YES
2014-08-27 02:05:21.694 TapLighter[15113:70b] Unlimited access to network resources
2014-08-27 02:05:21.696 TapLighter[15113:70b] 

Started backup to iCloud! Please be careful.
Your application might rejected by Apple if you store too much data.
For more information please read "iOS Data Storage Guidelines"
You could find it at the following address https://developer.apple.com/icloud/documentation/data-storage/ .

2014-08-27 02:05:21.943 TapLighter[15113:70b] Resetting plugins due to page load.
2014-08-27 02:05:22.480 TapLighter[15113:70b] Finished load of: file:///Users/monurcan/Library/Application%20Support/iPhone%20Simulator/7.1/Applications/D0272522-347B-4F56-A9C2-63C0E2468776/TapLighter.app/www/index.html
2014-08-27 02:07:15.601 TapLighter[15113:70b] Resetting plugins due to page load.
2014-08-27 02:07:15.988 TapLighter[15113:70b] Finished load of: file:///Users/monurcan/Library/Application%20Support/iPhone%20Simulator/7.1/Applications/D0272522-347B-4F56-A9C2-63C0E2468776/TapLighter.app/www/index.html
2014-08-27 02:07:20.693 TapLighter[15202:70b] Multi-tasking -> Device: YES, App: YES
2014-08-27 02:07:20.698 TapLighter[15202:70b] Unlimited access to network resources
2014-08-27 02:07:20.724 TapLighter[15202:70b] 

Started backup to iCloud! Please be careful.
Your application might rejected by Apple if you store too much data.
For more information please read "iOS Data Storage Guidelines"
You could find it at the following address https://developer.apple.com/icloud/documentation/data-storage/ .

2014-08-27 02:07:20.965 TapLighter[15202:70b] Resetting plugins due to page load.
2014-08-27 02:07:21.751 TapLighter[15202:70b] Finished load of: file:///Users/monurcan/Library/Application%20Support/iPhone%20Simulator/7.1/Applications/D0272522-347B-4F56-A9C2-63C0E2468776/TapLighter.app/www/index.html
2014-08-27 02:07:47.788 TapLighter[15202:70b] Resetting plugins due to page load.
2014-08-27 02:07:47.946 TapLighter[15202:70b] Finished load of: file:///Users/monurcan/Library/Application%20Support/iPhone%20Simulator/7.1/Applications/D0272522-347B-4F56-A9C2-63C0E2468776/TapLighter.app/www/index.html
2014-08-27 02:07:49.924 TapLighter[15276:70b] Multi-tasking -> Device: YES, App: YES
2014-08-27 02:07:49.929 TapLighter[15276:70b] Unlimited access to network resources
2014-08-27 02:07:49.931 TapLighter[15276:70b] 

Started backup to iCloud! Please be careful.
Your application might rejected by Apple if you store too much data.
For more information please read "iOS Data Storage Guidelines"
You could find it at the following address https://developer.apple.com/icloud/documentation/data-storage/ .

2014-08-27 02:07:50.332 TapLighter[15276:70b] Resetting plugins due to page load.
2014-08-27 02:07:50.882 TapLighter[15276:70b] Finished load of: file:///Users/monurcan/Library/Application%20Support/iPhone%20Simulator/7.1/Applications/D0272522-347B-4F56-A9C2-63C0E2468776/TapLighter.app/www/index.html
2014-08-27 02:07:59.733 TapLighter[15276:70b] Resetting plugins due to page load.
2014-08-27 02:08:00.242 TapLighter[15276:70b] Finished load of: file:///Users/monurcan/Library/Application%20Support/iPhone%20Simulator/7.1/Applications/D0272522-347B-4F56-A9C2-63C0E2468776/TapLighter.app/www/index.html
2014-08-27 02:08:05.016 TapLighter[15346:70b] Multi-tasking -> Device: YES, App: YES
2014-08-27 02:08:05.031 TapLighter[15346:70b] Unlimited access to network resources
2014-08-27 02:08:05.047 TapLighter[15346:70b] 

Started backup to iCloud! Please be careful.
Your application might rejected by Apple if you store too much data.
For more information please read "iOS Data Storage Guidelines"
You could find it at the following address https://developer.apple.com/icloud/documentation/data-storage/ .

2014-08-27 02:08:05.212 TapLighter[15346:70b] Resetting plugins due to page load.
2014-08-27 02:08:05.736 TapLighter[15346:70b] Finished load of: file:///Users/monurcan/Library/Application%20Support/iPhone%20Simulator/7.1/Applications/D0272522-347B-4F56-A9C2-63C0E2468776/TapLighter.app/www/index.html
2014-08-27 02:08:12.763 TapLighter[15346:70b] Resetting plugins due to page load.
2014-08-27 02:08:12.923 TapLighter[15346:70b] Finished load of: file:///Users/monurcan/Library/Application%20Support/iPhone%20Simulator/7.1/Applications/D0272522-347B-4F56-A9C2-63C0E2468776/TapLighter.app/www/index.html
2014-08-27 02:10:16.020 TapLighter[15346:70b] Resetting plugins due to page load.
2014-08-27 02:10:16.406 TapLighter[15346:70b] Finished load of: file:///Users/monurcan/Library/Application%20Support/iPhone%20Simulator/7.1/Applications/D0272522-347B-4F56-A9C2-63C0E2468776/TapLighter.app/www/index.html
2014-08-27 02:10:23.221 TapLighter[15346:70b] Resetting plugins due to page load.
2014-08-27 02:10:23.373 TapLighter[15346:70b] Finished load of: file:///Users/monurcan/Library/Application%20Support/iPhone%20Simulator/7.1/Applications/D0272522-347B-4F56-A9C2-63C0E2468776/TapLighter.app/www/index.html
2014-08-27 02:10:45.878 TapLighter[15444:70b] Multi-tasking -> Device: YES, App: YES
2014-08-27 02:10:45.883 TapLighter[15444:70b] Unlimited access to network resources
2014-08-27 02:10:45.885 TapLighter[15444:70b] 

Started backup to iCloud! Please be careful.
Your application might rejected by Apple if you store too much data.
For more information please read "iOS Data Storage Guidelines"
You could find it at the following address https://developer.apple.com/icloud/documentation/data-storage/ .

2014-08-27 02:10:45.925 TapLighter[15444:70b] Resetting plugins due to page load.
2014-08-27 02:10:46.465 TapLighter[15444:70b] Finished load of: file:///Users/monurcan/Library/Application%20Support/iPhone%20Simulator/7.1/Applications/D0272522-347B-4F56-A9C2-63C0E2468776/TapLighter.app/www/index.html
2014-08-27 02:36:12.080 TapLighter[15444:70b] Resetting plugins due to page load.
2014-08-27 02:36:12.759 TapLighter[15444:70b] Finished load of: file:///Users/monurcan/Library/Application%20Support/iPhone%20Simulator/7.1/Applications/D0272522-347B-4F56-A9C2-63C0E2468776/TapLighter.app/www/index.html
2014-08-27 02:36:26.838 TapLighter[15444:70b] Resetting plugins due to page load.
2014-08-27 02:36:27.058 TapLighter[15444:70b] Finished load of: file:///Users/monurcan/Library/Application%20Support/iPhone%20Simulator/7.1/Applications/D0272522-347B-4F56-A9C2-63C0E2468776/TapLighter.app/www/index.html
2014-08-27 02:36:36.689 TapLighter[15444:70b] Resetting plugins due to page load.
2014-08-27 02:36:36.852 TapLighter[15444:70b] Finished load of: file:///Users/monurcan/Library/Application%20Support/iPhone%20Simulator/7.1/Applications/D0272522-347B-4F56-A9C2-63C0E2468776/TapLighter.app/www/index.html
